<?xml version="1.0" encoding="UTF-8"?>
<testng-results skipped="0" failed="0" ignored="0" total="1" passed="1">
  <reporter-output>
  </reporter-output>
  <suite name="Default suite" duration-ms="17721" started-at="2019-02-22T11:17:46Z" finished-at="2019-02-22T11:18:04Z">
    <groups>
    </groups>
    <test name="Default test" duration-ms="17721" started-at="2019-02-22T11:17:46Z" finished-at="2019-02-22T11:18:04Z">
      <class name="com.quora.Test.QuoraFlow">
        <test-method status="PASS" signature="loginToQuora()[pri:0, instance:com.quora.Test.QuoraFlow@52feb982]" name="loginToQuora" is-config="true" duration-ms="13742" started-at="2019-02-22T11:17:46Z" finished-at="2019-02-22T11:18:00Z">
          <reporter-output>
          </reporter-output>
        </test-method> <!-- loginToQuora -->
        <test-method status="PASS" signature="probes()[pri:0, instance:com.quora.Test.QuoraFlow@52feb982]" name="probes" duration-ms="3110" started-at="2019-02-22T11:18:00Z" finished-at="2019-02-22T11:18:03Z">
          <reporter-output>
          </reporter-output>
        </test-method> <!-- probes -->
        <test-method status="PASS" signature="closingBrowser()[pri:0, instance:com.quora.Test.QuoraFlow@52feb982]" name="closingBrowser" is-config="true" duration-ms="847" started-at="2019-02-22T11:18:03Z" finished-at="2019-02-22T11:18:04Z">
          <reporter-output>
          </reporter-output>
        </test-method> <!-- closingBrowser -->
      </class> <!-- com.quora.Test.QuoraFlow -->
    </test> <!-- Default test -->
  </suite> <!-- Default suite -->
</testng-results>
